2026-01-13 16:51:35 DEBUG PackageRelationshipCollection:307 - Parsing relationship: /xl/_rels/workbook.xml.rels
2026-01-13 16:51:35 DEBUG PackageRelationshipCollection:307 - Parsing relationship: /xl/worksheets/_rels/sheet1.xml.rels
2026-01-13 16:51:35 DEBUG PackageRelationshipCollection:307 - Parsing relationship: /_rels/.rels
2026-01-13 16:51:52 INFO  BaseTest:20 - ------------------------ Starting test: testRegisterAccountSuccessful ---------------------
2026-01-13 16:51:53 INFO  BaseTest:27 - Checking if Home Page is displayed
2026-01-13 16:51:53 INFO  BaseTest:29 - Home Page displayed successfully
2026-01-13 16:51:53 INFO  BaseTest:31 - Verifying Home Page title
2026-01-13 16:51:53 INFO  BaseTest:35 - Home Page title verified successfully
2026-01-13 16:51:53 INFO  BaseTest:37 - Verifying Home Page URL
2026-01-13 16:51:53 INFO  BaseTest:40 - Home Page URL verified successfully
2026-01-13 16:51:55 INFO  BaseTest:46 - Entered username and password, clicked on login button
2026-01-13 16:52:01 INFO  BaseTest:20 - ------------------------ Starting test: testRegisterAccountSuccessful ---------------------
2026-01-13 16:52:01 INFO  BaseTest:27 - Checking if Home Page is displayed
2026-01-13 16:52:01 INFO  BaseTest:29 - Home Page displayed successfully
2026-01-13 16:52:01 INFO  BaseTest:31 - Verifying Home Page title
2026-01-13 16:52:01 INFO  BaseTest:35 - Home Page title verified successfully
2026-01-13 16:52:01 INFO  BaseTest:37 - Verifying Home Page URL
2026-01-13 16:52:01 INFO  BaseTest:40 - Home Page URL verified successfully
2026-01-13 16:52:04 INFO  BaseTest:46 - Entered username and password, clicked on login button
2026-01-13 16:52:11 INFO  BaseTest:21 - ------------------------- Starting test: testVerifyLoanRequest -------------------------------
2026-01-13 16:52:11 INFO  BaseTest:26 - Checking if Home Page is displayed
2026-01-13 16:52:11 INFO  BaseTest:28 - Home Page displayed successfully
2026-01-13 16:52:11 INFO  BaseTest:30 - Verifying Home Page title
2026-01-13 16:52:11 INFO  BaseTest:32 - Home Page title verified successfully
2026-01-13 16:52:11 INFO  BaseTest:34 - Verifying Home Page URL
2026-01-13 16:52:11 INFO  BaseTest:36 - Home Page URL verified successfully
2026-01-13 16:52:13 INFO  BaseTest:42 - Clicked on login button
2026-01-13 16:52:18 INFO  BaseTest:20 - -------------- Starting test: testUpdateProfile ------------------------
2026-01-13 16:52:18 INFO  BaseTest:29 - Checking if Home Page is displayed
2026-01-13 16:52:18 INFO  BaseTest:31 - Home Page displayed successfully
2026-01-13 16:52:18 INFO  BaseTest:33 - Verifying Home Page title
2026-01-13 16:52:18 INFO  BaseTest:35 - Home Page title verified successfully
2026-01-13 16:52:18 INFO  BaseTest:37 - Verifying Home Page URL
2026-01-13 16:52:18 INFO  BaseTest:39 - Home Page URL verified successfully
2026-01-13 16:52:21 INFO  BaseTest:45 - Clicked on login button
2026-01-13 16:52:21 DEBUG PackageRelationshipCollection:307 - Parsing relationship: /xl/_rels/workbook.xml.rels
2026-01-13 16:52:21 DEBUG PackageRelationshipCollection:307 - Parsing relationship: /xl/worksheets/_rels/sheet1.xml.rels
2026-01-13 16:52:21 DEBUG PackageRelationshipCollection:307 - Parsing relationship: /_rels/.rels
2026-01-13 16:52:27 INFO  BaseTest:19 - Starting test: testRegisterAccountSuccessful
2026-01-13 16:52:27 INFO  BaseTest:26 - Checking if Home Page is displayed
2026-01-13 16:52:28 INFO  BaseTest:28 - Home Page displayed successfully
2026-01-13 16:52:28 INFO  BaseTest:30 - Verifying Home Page title
2026-01-13 16:52:28 INFO  BaseTest:34 - Home Page title verified successfully
2026-01-13 16:52:28 INFO  BaseTest:36 - Verifying Home Page URL
2026-01-13 16:52:28 INFO  BaseTest:38 - Home Page URL verified successfully
2026-01-13 16:52:29 INFO  BaseTest:42 - Clicked on Register link
2026-01-13 16:52:29 INFO  BaseTest:48 - Registration page URL verified
2026-01-13 16:52:29 INFO  BaseTest:53 - Registration page title verified
2026-01-13 16:52:29 INFO  BaseTest:55 - Navigated to Registration page successfully
2026-01-13 16:52:31 INFO  BaseTest:67 - Filled personal details
2026-01-13 16:52:32 INFO  BaseTest:74 - Filled account credentials
2026-01-13 16:52:34 INFO  BaseTest:78 - Clicked on Register button
2026-01-13 16:52:34 INFO  BaseTest:83 - Account created successfully for user: TestUser7
2026-01-13 16:52:36 INFO  BaseTest:87 - Clicked on logout button and logged out successfully
2026-01-13 16:52:36 INFO  BaseTest:89 - Test completed successfully: testRegisterAccountSuccessful
2026-01-13 16:52:43 INFO  BaseTest:19 - Starting test: testRegisterAccountSuccessful
2026-01-13 16:52:43 INFO  BaseTest:26 - Checking if Home Page is displayed
2026-01-13 16:52:43 INFO  BaseTest:28 - Home Page displayed successfully
2026-01-13 16:52:43 INFO  BaseTest:30 - Verifying Home Page title
2026-01-13 16:52:43 INFO  BaseTest:34 - Home Page title verified successfully
2026-01-13 16:52:43 INFO  BaseTest:36 - Verifying Home Page URL
2026-01-13 16:52:43 INFO  BaseTest:38 - Home Page URL verified successfully
2026-01-13 16:52:44 INFO  BaseTest:42 - Clicked on Register link
2026-01-13 16:52:44 INFO  BaseTest:48 - Registration page URL verified
2026-01-13 16:52:44 INFO  BaseTest:53 - Registration page title verified
2026-01-13 16:52:44 INFO  BaseTest:55 - Navigated to Registration page successfully
2026-01-13 16:52:48 INFO  BaseTest:67 - Filled personal details
2026-01-13 16:52:49 INFO  BaseTest:74 - Filled account credentials
2026-01-13 16:52:50 INFO  BaseTest:78 - Clicked on Register button
2026-01-13 16:52:51 INFO  BaseTest:83 - Account created successfully for user: SampleTestUser7
2026-01-13 16:52:52 INFO  BaseTest:87 - Clicked on logout button and logged out successfully
2026-01-13 16:52:52 INFO  BaseTest:89 - Test completed successfully: testRegisterAccountSuccessful
2026-01-13 16:52:59 INFO  BaseTest:22 - ------------------- Starting test: testTransferfunds --------------------------
2026-01-13 16:52:59 INFO  BaseTest:32 - Checking if Home Page is displayed
2026-01-13 16:52:59 INFO  BaseTest:34 - Home Page displayed successfully
2026-01-13 16:52:59 INFO  BaseTest:37 - Verifying Home Page title
2026-01-13 16:52:59 INFO  BaseTest:39 - Home Page title verified successfully
2026-01-13 16:52:59 INFO  BaseTest:42 - Verifying Home Page URL
2026-01-13 16:52:59 INFO  BaseTest:44 - Home Page URL verified successfully
2026-01-13 16:53:02 INFO  BaseTest:50 - Clicked on login button
2026-01-13 16:53:02 INFO  BaseTest:59 - Accounts Overview URL verified
2026-01-13 16:53:02 INFO  BaseTest:62 - Accounts Overview page title verified
2026-01-13 16:53:03 INFO  BaseTest:65 - Navigated to Account Overview page successfully
2026-01-13 16:53:04 INFO  BaseTest:69 - Navigated to Open Account page
2026-01-13 16:53:04 INFO  BaseTest:74 - Selected account type: SAVINGS
2026-01-13 16:53:05 INFO  BaseTest:88 - Clicked on 'Open New Account' button
2026-01-13 16:53:05 INFO  BaseTest:92 - 'Account Opened!' message verified
2026-01-13 16:53:05 INFO  BaseTest:95 - 'Congratulations, your account is now open' message verified
2026-01-13 16:53:05 INFO  BaseTest:98 - New Account Number displayed: 22668
2026-01-13 16:53:06 INFO  BaseTest:102 - Navigated back to Account Overview page
2026-01-13 16:53:07 INFO  BaseTest:112 - Navigated to Transfer Funds page
2026-01-13 16:53:08 INFO  BaseTest:117 - Transfer page URL verified
2026-01-13 16:53:08 INFO  BaseTest:120 - Transfer page title verified
2026-01-13 16:53:08 INFO  BaseTest:124 - Entered transfer amount: 200
2026-01-13 16:53:08 INFO  BaseTest:127 - Selected From Account: 22446
2026-01-13 16:53:08 INFO  BaseTest:130 - Selected To Account: 22668
2026-01-13 16:53:09 INFO  BaseTest:133 - Clicked on 'Transfer' button
2026-01-13 16:53:10 INFO  BaseTest:141 - Transfer Complete page displayed successfully
2026-01-13 16:53:10 INFO  BaseTest:144 - Fund Transfer verified successfully between accounts: From [22446] to [22668]
2026-01-13 16:53:10 INFO  BaseTest:146 - -------------Test completed: testTransferfunds ----------
2026-01-13 16:54:12 DEBUG PackageRelationshipCollection:307 - Parsing relationship: /xl/_rels/workbook.xml.rels
2026-01-13 16:54:12 DEBUG PackageRelationshipCollection:307 - Parsing relationship: /xl/worksheets/_rels/sheet1.xml.rels
2026-01-13 16:54:12 DEBUG PackageRelationshipCollection:307 - Parsing relationship: /_rels/.rels
2026-01-13 16:54:19 INFO  BaseTest:20 - ------------------------ Starting test: testRegisterAccountSuccessful ---------------------
2026-01-13 16:54:19 INFO  BaseTest:27 - Checking if Home Page is displayed
2026-01-13 16:54:19 INFO  BaseTest:29 - Home Page displayed successfully
2026-01-13 16:54:19 INFO  BaseTest:31 - Verifying Home Page title
2026-01-13 16:54:19 INFO  BaseTest:35 - Home Page title verified successfully
2026-01-13 16:54:19 INFO  BaseTest:37 - Verifying Home Page URL
2026-01-13 16:54:19 INFO  BaseTest:40 - Home Page URL verified successfully
2026-01-13 16:54:22 INFO  BaseTest:46 - Entered username and password, clicked on login button
2026-01-13 16:54:22 INFO  BaseTest:53 - Accounts Overview URL verified
2026-01-13 16:54:22 INFO  BaseTest:58 - Accounts Overview page title verified
2026-01-13 16:54:22 INFO  BaseTest:62 - Accounts Overview page displayed successfully
2026-01-13 16:54:22 INFO  BaseTest:64 - Navigated to Account Overview page successfully
2026-01-13 16:54:24 INFO  BaseTest:68 - Clicked on logout button
2026-01-13 16:54:24 INFO  BaseTest:70 - Verifying Home Page after logout
2026-01-13 16:54:24 INFO  BaseTest:73 - Redirected to Home Page successfully after logout
2026-01-13 16:54:24 INFO  BaseTest:76 - --------------Test completed successfully: testRegisterAccountSuccessful ------------------------
2026-01-13 16:54:28 INFO  BaseTest:20 - ------------------------ Starting test: testRegisterAccountSuccessful ---------------------
2026-01-13 16:54:28 INFO  BaseTest:27 - Checking if Home Page is displayed
2026-01-13 16:54:28 INFO  BaseTest:29 - Home Page displayed successfully
2026-01-13 16:54:28 INFO  BaseTest:31 - Verifying Home Page title
2026-01-13 16:54:28 INFO  BaseTest:35 - Home Page title verified successfully
2026-01-13 16:54:28 INFO  BaseTest:37 - Verifying Home Page URL
2026-01-13 16:54:28 INFO  BaseTest:40 - Home Page URL verified successfully
2026-01-13 16:54:30 INFO  BaseTest:46 - Entered username and password, clicked on login button
2026-01-13 16:54:30 INFO  BaseTest:53 - Accounts Overview URL verified
2026-01-13 16:54:30 INFO  BaseTest:58 - Accounts Overview page title verified
2026-01-13 16:54:30 INFO  BaseTest:62 - Accounts Overview page displayed successfully
2026-01-13 16:54:30 INFO  BaseTest:64 - Navigated to Account Overview page successfully
2026-01-13 16:54:31 INFO  BaseTest:68 - Clicked on logout button
2026-01-13 16:54:31 INFO  BaseTest:70 - Verifying Home Page after logout
2026-01-13 16:54:31 INFO  BaseTest:73 - Redirected to Home Page successfully after logout
2026-01-13 16:54:31 INFO  BaseTest:76 - --------------Test completed successfully: testRegisterAccountSuccessful ------------------------
2026-01-13 16:54:39 INFO  BaseTest:21 - ------------------------- Starting test: testVerifyLoanRequest -------------------------------
2026-01-13 16:54:39 INFO  BaseTest:26 - Checking if Home Page is displayed
2026-01-13 16:54:39 INFO  BaseTest:28 - Home Page displayed successfully
2026-01-13 16:54:39 INFO  BaseTest:30 - Verifying Home Page title
2026-01-13 16:54:39 INFO  BaseTest:32 - Home Page title verified successfully
2026-01-13 16:54:39 INFO  BaseTest:34 - Verifying Home Page URL
2026-01-13 16:54:39 INFO  BaseTest:36 - Home Page URL verified successfully
2026-01-13 16:54:42 INFO  BaseTest:42 - Clicked on login button
2026-01-13 16:54:42 INFO  BaseTest:50 - Accounts Overview URL verified
2026-01-13 16:54:42 INFO  BaseTest:52 - Accounts Overview page title verified
2026-01-13 16:54:42 INFO  BaseTest:54 - Navigated to Account overview page
2026-01-13 16:54:43 INFO  BaseTest:57 - Clicked on Loan Request link
2026-01-13 16:54:43 INFO  BaseTest:65 - Loan Request URL verified
2026-01-13 16:54:43 INFO  BaseTest:67 - Loan Request page title verified
2026-01-13 16:54:43 INFO  BaseTest:70 - Loan Request page displayed successfully
2026-01-13 16:54:44 INFO  BaseTest:74 - Entered loan amount
2026-01-13 16:54:44 INFO  BaseTest:76 - Entered down payment
2026-01-13 16:54:45 INFO  BaseTest:78 - Selected account for loan
2026-01-13 16:54:45 INFO  BaseTest:80 - Clicked on Apply Now button
2026-01-13 16:54:46 INFO  BaseTest:87 - 'Loan Request Processed' heading displayed.
2026-01-13 16:54:46 INFO  BaseTest:89 - Loan success message displayed successfully.
2026-01-13 16:54:46 INFO  BaseTest:91 - -------------Test completed: testVerifyLoanRequest ----------
2026-01-13 16:54:53 INFO  BaseTest:20 - -------------- Starting test: testUpdateProfile ------------------------
2026-01-13 16:54:53 INFO  BaseTest:29 - Checking if Home Page is displayed
2026-01-13 16:54:54 INFO  BaseTest:31 - Home Page displayed successfully
2026-01-13 16:54:54 INFO  BaseTest:33 - Verifying Home Page title
2026-01-13 16:54:54 INFO  BaseTest:35 - Home Page title verified successfully
2026-01-13 16:54:54 INFO  BaseTest:37 - Verifying Home Page URL
2026-01-13 16:54:54 INFO  BaseTest:39 - Home Page URL verified successfully
2026-01-13 16:54:56 INFO  BaseTest:45 - Clicked on login button
2026-01-13 16:54:56 INFO  BaseTest:57 - Accounts Overview URL verified
2026-01-13 16:54:56 INFO  BaseTest:60 - Accounts Overview page title verified
2026-01-13 16:54:57 INFO  BaseTest:63 - Navigated to Account overview page
2026-01-13 16:54:58 INFO  BaseTest:69 - Navigated to Update Profile page
2026-01-13 16:54:59 INFO  BaseTest:74 - Updated phone number 
2026-01-13 16:54:59 INFO  BaseTest:77 - Phone number entered: 8765432876
2026-01-13 16:55:00 INFO  BaseTest:85 - Profile updated message verified
2026-01-13 16:55:01 INFO  BaseTest:90 - Clicked on logout button and redirected to Home Page
2026-01-13 16:55:03 INFO  BaseTest:98 - Logged in again to verify updated profile
2026-01-13 16:55:03 INFO  BaseTest:101 - Navigated to Account overview page after re-login
2026-01-13 16:55:05 INFO  BaseTest:107 - Navigated to Update Profile page again
2026-01-13 16:55:05 INFO  BaseTest:116 - Phone number after re-login: 8765432876
2026-01-13 16:55:05 INFO  BaseTest:119 - Phone number verification successful
2026-01-13 16:55:05 INFO  BaseTest:120 - -------------Test completed: testUpdateProfile ----------
2026-01-13 16:55:06 DEBUG PackageRelationshipCollection:307 - Parsing relationship: /xl/_rels/workbook.xml.rels
2026-01-13 16:55:06 DEBUG PackageRelationshipCollection:307 - Parsing relationship: /xl/worksheets/_rels/sheet1.xml.rels
2026-01-13 16:55:06 DEBUG PackageRelationshipCollection:307 - Parsing relationship: /_rels/.rels
2026-01-13 16:55:12 INFO  BaseTest:19 - Starting test: testRegisterAccountSuccessful
2026-01-13 16:55:12 INFO  BaseTest:26 - Checking if Home Page is displayed
2026-01-13 16:55:12 INFO  BaseTest:28 - Home Page displayed successfully
2026-01-13 16:55:12 INFO  BaseTest:30 - Verifying Home Page title
2026-01-13 16:55:12 INFO  BaseTest:34 - Home Page title verified successfully
2026-01-13 16:55:12 INFO  BaseTest:36 - Verifying Home Page URL
2026-01-13 16:55:12 INFO  BaseTest:38 - Home Page URL verified successfully
2026-01-13 16:55:13 INFO  BaseTest:42 - Clicked on Register link
2026-01-13 16:55:13 INFO  BaseTest:48 - Registration page URL verified
2026-01-13 16:55:13 INFO  BaseTest:53 - Registration page title verified
2026-01-13 16:55:13 INFO  BaseTest:55 - Navigated to Registration page successfully
2026-01-13 16:55:16 INFO  BaseTest:67 - Filled personal details
2026-01-13 16:55:17 INFO  BaseTest:74 - Filled account credentials
2026-01-13 16:55:17 INFO  BaseTest:78 - Clicked on Register button
2026-01-13 16:55:18 INFO  BaseTest:83 - Account created successfully for user: TestUser7
2026-01-13 16:55:38 INFO  BaseTest:87 - Clicked on logout button and logged out successfully
2026-01-13 16:55:38 INFO  BaseTest:89 - Test completed successfully: testRegisterAccountSuccessful
2026-01-13 16:55:47 INFO  BaseTest:19 - Starting test: testRegisterAccountSuccessful
2026-01-13 16:55:47 INFO  BaseTest:26 - Checking if Home Page is displayed
2026-01-13 16:55:47 INFO  BaseTest:28 - Home Page displayed successfully
2026-01-13 16:55:47 INFO  BaseTest:30 - Verifying Home Page title
2026-01-13 16:55:47 INFO  BaseTest:34 - Home Page title verified successfully
2026-01-13 16:55:47 INFO  BaseTest:36 - Verifying Home Page URL
2026-01-13 16:55:47 INFO  BaseTest:38 - Home Page URL verified successfully
2026-01-13 16:55:52 INFO  BaseTest:42 - Clicked on Register link
2026-01-13 16:55:52 INFO  BaseTest:48 - Registration page URL verified
2026-01-13 16:55:52 INFO  BaseTest:53 - Registration page title verified
2026-01-13 16:55:52 INFO  BaseTest:55 - Navigated to Registration page successfully
2026-01-13 16:55:55 INFO  BaseTest:67 - Filled personal details
2026-01-13 16:55:56 INFO  BaseTest:74 - Filled account credentials
2026-01-13 16:55:58 INFO  BaseTest:78 - Clicked on Register button
2026-01-13 16:55:58 INFO  BaseTest:83 - Account created successfully for user: SampleTestUser7
2026-01-13 16:56:19 INFO  BaseTest:87 - Clicked on logout button and logged out successfully
2026-01-13 16:56:19 INFO  BaseTest:89 - Test completed successfully: testRegisterAccountSuccessful
2026-01-13 16:56:26 INFO  BaseTest:22 - ------------------- Starting test: testTransferfunds --------------------------
2026-01-13 16:56:26 INFO  BaseTest:32 - Checking if Home Page is displayed
2026-01-13 16:56:26 INFO  BaseTest:34 - Home Page displayed successfully
2026-01-13 16:56:26 INFO  BaseTest:37 - Verifying Home Page title
2026-01-13 16:56:26 INFO  BaseTest:39 - Home Page title verified successfully
2026-01-13 16:56:26 INFO  BaseTest:42 - Verifying Home Page URL
2026-01-13 16:56:26 INFO  BaseTest:44 - Home Page URL verified successfully
2026-01-13 16:56:30 INFO  BaseTest:50 - Clicked on login button
2026-01-13 16:56:30 INFO  BaseTest:59 - Accounts Overview URL verified
2026-01-13 16:56:30 INFO  BaseTest:62 - Accounts Overview page title verified
2026-01-13 16:56:30 INFO  BaseTest:65 - Navigated to Account Overview page successfully
2026-01-13 16:56:31 INFO  BaseTest:69 - Navigated to Open Account page
2026-01-13 16:56:31 INFO  BaseTest:74 - Selected account type: SAVINGS
2026-01-13 16:56:32 INFO  BaseTest:88 - Clicked on 'Open New Account' button
2026-01-13 16:56:32 INFO  BaseTest:92 - 'Account Opened!' message verified
2026-01-13 16:56:32 INFO  BaseTest:95 - 'Congratulations, your account is now open' message verified
2026-01-13 16:56:32 INFO  BaseTest:98 - New Account Number displayed: 23223
2026-01-13 16:56:33 INFO  BaseTest:102 - Navigated back to Account Overview page
2026-01-13 16:56:35 INFO  BaseTest:112 - Navigated to Transfer Funds page
2026-01-13 16:56:35 INFO  BaseTest:117 - Transfer page URL verified
2026-01-13 16:56:35 INFO  BaseTest:120 - Transfer page title verified
2026-01-13 16:56:35 INFO  BaseTest:124 - Entered transfer amount: 200
2026-01-13 16:56:36 INFO  BaseTest:127 - Selected From Account: 22446
2026-01-13 16:56:36 INFO  BaseTest:130 - Selected To Account: 22668
2026-01-13 16:56:36 INFO  BaseTest:133 - Clicked on 'Transfer' button
2026-01-13 16:56:37 INFO  BaseTest:141 - Transfer Complete page displayed successfully
2026-01-13 16:56:37 INFO  BaseTest:144 - Fund Transfer verified successfully between accounts: From [22446] to [22668]
2026-01-13 16:56:37 INFO  BaseTest:146 - -------------Test completed: testTransferfunds ----------
2026-01-13 17:14:45 DEBUG PackageRelationshipCollection:307 - Parsing relationship: /xl/_rels/workbook.xml.rels
2026-01-13 17:14:45 DEBUG PackageRelationshipCollection:307 - Parsing relationship: /xl/worksheets/_rels/sheet1.xml.rels
2026-01-13 17:14:45 DEBUG PackageRelationshipCollection:307 - Parsing relationship: /_rels/.rels
2026-01-13 17:14:53 INFO  BaseTest:19 - Starting test: testRegisterAccountSuccessful
2026-01-13 17:14:53 INFO  BaseTest:26 - Checking if Home Page is displayed
2026-01-13 17:14:53 INFO  BaseTest:28 - Home Page displayed successfully
2026-01-13 17:14:53 INFO  BaseTest:30 - Verifying Home Page title
2026-01-13 17:14:53 INFO  BaseTest:34 - Home Page title verified successfully
2026-01-13 17:14:53 INFO  BaseTest:36 - Verifying Home Page URL
2026-01-13 17:14:53 INFO  BaseTest:38 - Home Page URL verified successfully
2026-01-13 17:14:54 INFO  BaseTest:42 - Clicked on Register link
2026-01-13 17:14:54 INFO  BaseTest:48 - Registration page URL verified
2026-01-13 17:14:54 INFO  BaseTest:53 - Registration page title verified
2026-01-13 17:14:54 INFO  BaseTest:55 - Navigated to Registration page successfully
2026-01-13 17:14:57 INFO  BaseTest:67 - Filled personal details
2026-01-13 17:14:58 INFO  BaseTest:74 - Filled account credentials
2026-01-13 17:14:59 INFO  BaseTest:78 - Clicked on Register button
2026-01-13 17:15:00 INFO  BaseTest:83 - Account created successfully for user: TestUser7
2026-01-13 17:15:20 INFO  BaseTest:87 - Clicked on logout button and logged out successfully
2026-01-13 17:15:20 INFO  BaseTest:89 - Test completed successfully: testRegisterAccountSuccessful
2026-01-13 17:15:27 INFO  BaseTest:19 - Starting test: testRegisterAccountSuccessful
2026-01-13 17:15:27 INFO  BaseTest:26 - Checking if Home Page is displayed
2026-01-13 17:15:28 INFO  BaseTest:28 - Home Page displayed successfully
2026-01-13 17:15:28 INFO  BaseTest:30 - Verifying Home Page title
2026-01-13 17:15:28 INFO  BaseTest:34 - Home Page title verified successfully
2026-01-13 17:15:28 INFO  BaseTest:36 - Verifying Home Page URL
2026-01-13 17:15:28 INFO  BaseTest:38 - Home Page URL verified successfully
2026-01-13 17:15:29 INFO  BaseTest:42 - Clicked on Register link
2026-01-13 17:15:29 INFO  BaseTest:48 - Registration page URL verified
2026-01-13 17:15:29 INFO  BaseTest:53 - Registration page title verified
2026-01-13 17:15:29 INFO  BaseTest:55 - Navigated to Registration page successfully
2026-01-13 17:15:32 INFO  BaseTest:67 - Filled personal details
2026-01-13 17:15:33 INFO  BaseTest:74 - Filled account credentials
2026-01-13 17:15:33 INFO  BaseTest:78 - Clicked on Register button
2026-01-13 17:15:34 INFO  BaseTest:83 - Account created successfully for user: SampleTestUser7
2026-01-13 17:15:54 INFO  BaseTest:87 - Clicked on logout button and logged out successfully
2026-01-13 17:15:54 INFO  BaseTest:89 - Test completed successfully: testRegisterAccountSuccessful
2026-01-13 17:15:55 DEBUG PackageRelationshipCollection:307 - Parsing relationship: /xl/_rels/workbook.xml.rels
2026-01-13 17:15:55 DEBUG PackageRelationshipCollection:307 - Parsing relationship: /xl/worksheets/_rels/sheet1.xml.rels
2026-01-13 17:15:55 DEBUG PackageRelationshipCollection:307 - Parsing relationship: /_rels/.rels
2026-01-13 17:16:01 INFO  BaseTest:20 - ------------------------ Starting test: testRegisterAccountSuccessful ---------------------
2026-01-13 17:16:01 INFO  BaseTest:27 - Checking if Home Page is displayed
2026-01-13 17:16:02 INFO  BaseTest:29 - Home Page displayed successfully
2026-01-13 17:16:02 INFO  BaseTest:31 - Verifying Home Page title
2026-01-13 17:16:02 INFO  BaseTest:35 - Home Page title verified successfully
2026-01-13 17:16:02 INFO  BaseTest:37 - Verifying Home Page URL
2026-01-13 17:16:02 INFO  BaseTest:40 - Home Page URL verified successfully
2026-01-13 17:16:05 INFO  BaseTest:46 - Entered username and password, clicked on login button
2026-01-13 17:16:05 INFO  BaseTest:53 - Accounts Overview URL verified
2026-01-13 17:16:05 INFO  BaseTest:58 - Accounts Overview page title verified
2026-01-13 17:16:05 INFO  BaseTest:62 - Accounts Overview page displayed successfully
2026-01-13 17:16:05 INFO  BaseTest:64 - Navigated to Account Overview page successfully
2026-01-13 17:16:06 INFO  BaseTest:68 - Clicked on logout button
2026-01-13 17:16:06 INFO  BaseTest:70 - Verifying Home Page after logout
2026-01-13 17:16:06 INFO  BaseTest:73 - Redirected to Home Page successfully after logout
2026-01-13 17:16:06 INFO  BaseTest:76 - --------------Test completed successfully: testRegisterAccountSuccessful ------------------------
2026-01-13 17:16:12 INFO  BaseTest:20 - ------------------------ Starting test: testRegisterAccountSuccessful ---------------------
2026-01-13 17:16:12 INFO  BaseTest:27 - Checking if Home Page is displayed
2026-01-13 17:16:12 INFO  BaseTest:29 - Home Page displayed successfully
2026-01-13 17:16:12 INFO  BaseTest:31 - Verifying Home Page title
2026-01-13 17:16:12 INFO  BaseTest:35 - Home Page title verified successfully
2026-01-13 17:16:12 INFO  BaseTest:37 - Verifying Home Page URL
2026-01-13 17:16:12 INFO  BaseTest:40 - Home Page URL verified successfully
2026-01-13 17:16:15 INFO  BaseTest:46 - Entered username and password, clicked on login button
2026-01-13 17:16:15 INFO  BaseTest:53 - Accounts Overview URL verified
2026-01-13 17:16:15 INFO  BaseTest:58 - Accounts Overview page title verified
2026-01-13 17:16:15 INFO  BaseTest:62 - Accounts Overview page displayed successfully
2026-01-13 17:16:15 INFO  BaseTest:64 - Navigated to Account Overview page successfully
2026-01-13 17:16:17 INFO  BaseTest:68 - Clicked on logout button
2026-01-13 17:16:17 INFO  BaseTest:70 - Verifying Home Page after logout
2026-01-13 17:16:17 INFO  BaseTest:73 - Redirected to Home Page successfully after logout
2026-01-13 17:16:17 INFO  BaseTest:76 - --------------Test completed successfully: testRegisterAccountSuccessful ------------------------
2026-01-13 17:16:22 INFO  BaseTest:22 - ------------------- Starting test: testTransferfunds --------------------------
2026-01-13 17:16:22 INFO  BaseTest:32 - Checking if Home Page is displayed
2026-01-13 17:16:22 INFO  BaseTest:34 - Home Page displayed successfully
2026-01-13 17:16:22 INFO  BaseTest:37 - Verifying Home Page title
2026-01-13 17:16:22 INFO  BaseTest:39 - Home Page title verified successfully
2026-01-13 17:16:22 INFO  BaseTest:42 - Verifying Home Page URL
2026-01-13 17:16:22 INFO  BaseTest:44 - Home Page URL verified successfully
2026-01-13 17:16:26 INFO  BaseTest:50 - Clicked on login button
2026-01-13 17:16:26 INFO  BaseTest:59 - Accounts Overview URL verified
2026-01-13 17:16:26 INFO  BaseTest:62 - Accounts Overview page title verified
2026-01-13 17:16:26 INFO  BaseTest:65 - Navigated to Account Overview page successfully
2026-01-13 17:16:27 INFO  BaseTest:69 - Navigated to Open Account page
2026-01-13 17:16:28 INFO  BaseTest:74 - Selected account type: SAVINGS
2026-01-13 17:16:29 INFO  BaseTest:88 - Clicked on 'Open New Account' button
2026-01-13 17:16:29 INFO  BaseTest:92 - 'Account Opened!' message verified
2026-01-13 17:16:29 INFO  BaseTest:95 - 'Congratulations, your account is now open' message verified
2026-01-13 17:16:29 INFO  BaseTest:98 - New Account Number displayed: 24999
2026-01-13 17:16:30 INFO  BaseTest:102 - Navigated back to Account Overview page
2026-01-13 17:16:32 INFO  BaseTest:112 - Navigated to Transfer Funds page
2026-01-13 17:16:32 INFO  BaseTest:117 - Transfer page URL verified
2026-01-13 17:16:32 INFO  BaseTest:120 - Transfer page title verified
2026-01-13 17:16:32 INFO  BaseTest:124 - Entered transfer amount: 200
2026-01-13 17:16:32 INFO  BaseTest:127 - Selected From Account: 22446
2026-01-13 17:16:33 INFO  BaseTest:130 - Selected To Account: 22668
2026-01-13 17:16:33 INFO  BaseTest:133 - Clicked on 'Transfer' button
2026-01-13 17:16:34 INFO  BaseTest:141 - Transfer Complete page displayed successfully
2026-01-13 17:16:34 INFO  BaseTest:144 - Fund Transfer verified successfully between accounts: From [22446] to [22668]
2026-01-13 17:16:34 INFO  BaseTest:146 - -------------Test completed: testTransferfunds ----------
2026-01-13 17:16:39 INFO  BaseTest:21 - ------------------------- Starting test: testVerifyLoanRequest -------------------------------
2026-01-13 17:16:39 INFO  BaseTest:26 - Checking if Home Page is displayed
2026-01-13 17:16:39 INFO  BaseTest:28 - Home Page displayed successfully
2026-01-13 17:16:39 INFO  BaseTest:30 - Verifying Home Page title
2026-01-13 17:16:39 INFO  BaseTest:32 - Home Page title verified successfully
2026-01-13 17:16:39 INFO  BaseTest:34 - Verifying Home Page URL
2026-01-13 17:16:39 INFO  BaseTest:36 - Home Page URL verified successfully
2026-01-13 17:16:41 INFO  BaseTest:42 - Clicked on login button
2026-01-13 17:16:41 INFO  BaseTest:50 - Accounts Overview URL verified
2026-01-13 17:16:41 INFO  BaseTest:52 - Accounts Overview page title verified
2026-01-13 17:16:41 INFO  BaseTest:54 - Navigated to Account overview page
2026-01-13 17:16:42 INFO  BaseTest:57 - Clicked on Loan Request link
2026-01-13 17:16:42 INFO  BaseTest:65 - Loan Request URL verified
2026-01-13 17:16:42 INFO  BaseTest:67 - Loan Request page title verified
2026-01-13 17:16:43 INFO  BaseTest:70 - Loan Request page displayed successfully
2026-01-13 17:16:43 INFO  BaseTest:74 - Entered loan amount
2026-01-13 17:16:43 INFO  BaseTest:76 - Entered down payment
2026-01-13 17:16:44 INFO  BaseTest:78 - Selected account for loan
2026-01-13 17:16:44 INFO  BaseTest:80 - Clicked on Apply Now button
2026-01-13 17:16:44 INFO  BaseTest:87 - 'Loan Request Processed' heading displayed.
2026-01-13 17:16:44 INFO  BaseTest:89 - Loan success message displayed successfully.
2026-01-13 17:16:44 INFO  BaseTest:91 - -------------Test completed: testVerifyLoanRequest ----------
2026-01-13 17:16:49 INFO  BaseTest:20 - -------------- Starting test: testUpdateProfile ------------------------
2026-01-13 17:16:49 INFO  BaseTest:29 - Checking if Home Page is displayed
2026-01-13 17:16:49 INFO  BaseTest:31 - Home Page displayed successfully
2026-01-13 17:16:49 INFO  BaseTest:33 - Verifying Home Page title
2026-01-13 17:16:49 INFO  BaseTest:35 - Home Page title verified successfully
2026-01-13 17:16:49 INFO  BaseTest:37 - Verifying Home Page URL
2026-01-13 17:16:49 INFO  BaseTest:39 - Home Page URL verified successfully
2026-01-13 17:16:52 INFO  BaseTest:45 - Clicked on login button
2026-01-13 17:16:52 INFO  BaseTest:57 - Accounts Overview URL verified
2026-01-13 17:16:52 INFO  BaseTest:60 - Accounts Overview page title verified
2026-01-13 17:16:53 INFO  BaseTest:63 - Navigated to Account overview page
2026-01-13 17:16:54 INFO  BaseTest:69 - Navigated to Update Profile page
2026-01-13 17:16:54 INFO  BaseTest:74 - Updated phone number 
2026-01-13 17:16:55 INFO  BaseTest:77 - Phone number entered: 8765432876
2026-01-13 17:16:56 INFO  BaseTest:85 - Profile updated message verified
2026-01-13 17:16:57 INFO  BaseTest:90 - Clicked on logout button and redirected to Home Page
2026-01-13 17:17:00 INFO  BaseTest:98 - Logged in again to verify updated profile
2026-01-13 17:17:00 INFO  BaseTest:101 - Navigated to Account overview page after re-login
2026-01-13 17:17:01 INFO  BaseTest:107 - Navigated to Update Profile page again
2026-01-13 17:17:01 INFO  BaseTest:116 - Phone number after re-login: 8765432876
2026-01-13 17:17:01 INFO  BaseTest:119 - Phone number verification successful
2026-01-13 17:17:01 INFO  BaseTest:120 - -------------Test completed: testUpdateProfile ----------
2026-01-13 17:19:21 DEBUG PackageRelationshipCollection:307 - Parsing relationship: /xl/_rels/workbook.xml.rels
2026-01-13 17:19:21 DEBUG PackageRelationshipCollection:307 - Parsing relationship: /xl/worksheets/_rels/sheet1.xml.rels
2026-01-13 17:19:21 DEBUG PackageRelationshipCollection:307 - Parsing relationship: /_rels/.rels
2026-01-13 17:19:31 INFO  BaseTest:19 - Starting test: testRegisterAccountSuccessful
2026-01-13 17:19:31 INFO  BaseTest:26 - Checking if Home Page is displayed
2026-01-13 17:19:31 INFO  BaseTest:28 - Home Page displayed successfully
2026-01-13 17:19:31 INFO  BaseTest:30 - Verifying Home Page title
2026-01-13 17:19:31 INFO  BaseTest:34 - Home Page title verified successfully
2026-01-13 17:19:31 INFO  BaseTest:36 - Verifying Home Page URL
2026-01-13 17:19:31 INFO  BaseTest:38 - Home Page URL verified successfully
2026-01-13 17:19:32 INFO  BaseTest:42 - Clicked on Register link
2026-01-13 17:19:32 INFO  BaseTest:48 - Registration page URL verified
2026-01-13 17:19:32 INFO  BaseTest:53 - Registration page title verified
2026-01-13 17:19:32 INFO  BaseTest:55 - Navigated to Registration page successfully
2026-01-13 17:19:36 INFO  BaseTest:67 - Filled personal details
2026-01-13 17:19:37 INFO  BaseTest:74 - Filled account credentials
2026-01-13 17:19:45 INFO  BaseTest:78 - Clicked on Register button
2026-01-13 17:19:45 INFO  BaseTest:83 - Account created successfully for user: TestUser7
2026-01-13 17:20:05 INFO  BaseTest:87 - Clicked on logout button and logged out successfully
2026-01-13 17:20:05 INFO  BaseTest:89 - Test completed successfully: testRegisterAccountSuccessful
2026-01-13 17:20:12 INFO  BaseTest:19 - Starting test: testRegisterAccountSuccessful
2026-01-13 17:20:12 INFO  BaseTest:26 - Checking if Home Page is displayed
2026-01-13 17:20:12 INFO  BaseTest:28 - Home Page displayed successfully
2026-01-13 17:20:12 INFO  BaseTest:30 - Verifying Home Page title
2026-01-13 17:20:12 INFO  BaseTest:34 - Home Page title verified successfully
2026-01-13 17:20:12 INFO  BaseTest:36 - Verifying Home Page URL
2026-01-13 17:20:12 INFO  BaseTest:38 - Home Page URL verified successfully
2026-01-13 17:20:13 INFO  BaseTest:42 - Clicked on Register link
2026-01-13 17:20:13 INFO  BaseTest:48 - Registration page URL verified
2026-01-13 17:20:13 INFO  BaseTest:53 - Registration page title verified
2026-01-13 17:20:13 INFO  BaseTest:55 - Navigated to Registration page successfully
2026-01-13 17:20:16 INFO  BaseTest:67 - Filled personal details
2026-01-13 17:20:17 INFO  BaseTest:74 - Filled account credentials
2026-01-13 17:20:18 INFO  BaseTest:78 - Clicked on Register button
2026-01-13 17:20:18 INFO  BaseTest:83 - Account created successfully for user: SampleTestUser7
2026-01-13 17:20:38 INFO  BaseTest:87 - Clicked on logout button and logged out successfully
2026-01-13 17:20:38 INFO  BaseTest:89 - Test completed successfully: testRegisterAccountSuccessful
2026-01-13 17:20:39 DEBUG PackageRelationshipCollection:307 - Parsing relationship: /xl/_rels/workbook.xml.rels
2026-01-13 17:20:39 DEBUG PackageRelationshipCollection:307 - Parsing relationship: /xl/worksheets/_rels/sheet1.xml.rels
2026-01-13 17:20:39 DEBUG PackageRelationshipCollection:307 - Parsing relationship: /_rels/.rels
2026-01-13 17:20:45 INFO  BaseTest:20 - ------------------------ Starting test: testRegisterAccountSuccessful ---------------------
2026-01-13 17:20:45 INFO  BaseTest:27 - Checking if Home Page is displayed
2026-01-13 17:20:45 INFO  BaseTest:29 - Home Page displayed successfully
2026-01-13 17:20:45 INFO  BaseTest:31 - Verifying Home Page title
2026-01-13 17:20:45 INFO  BaseTest:35 - Home Page title verified successfully
2026-01-13 17:20:45 INFO  BaseTest:37 - Verifying Home Page URL
2026-01-13 17:20:45 INFO  BaseTest:40 - Home Page URL verified successfully
2026-01-13 17:20:48 INFO  BaseTest:46 - Entered username and password, clicked on login button
2026-01-13 17:20:48 INFO  BaseTest:53 - Accounts Overview URL verified
2026-01-13 17:20:48 INFO  BaseTest:58 - Accounts Overview page title verified
2026-01-13 17:20:48 INFO  BaseTest:62 - Accounts Overview page displayed successfully
2026-01-13 17:20:48 INFO  BaseTest:64 - Navigated to Account Overview page successfully
2026-01-13 17:20:50 INFO  BaseTest:68 - Clicked on logout button
2026-01-13 17:20:50 INFO  BaseTest:70 - Verifying Home Page after logout
2026-01-13 17:20:50 INFO  BaseTest:73 - Redirected to Home Page successfully after logout
2026-01-13 17:20:50 INFO  BaseTest:76 - --------------Test completed successfully: testRegisterAccountSuccessful ------------------------
2026-01-13 17:20:56 INFO  BaseTest:20 - ------------------------ Starting test: testRegisterAccountSuccessful ---------------------
2026-01-13 17:20:56 INFO  BaseTest:27 - Checking if Home Page is displayed
2026-01-13 17:20:56 INFO  BaseTest:29 - Home Page displayed successfully
2026-01-13 17:20:56 INFO  BaseTest:31 - Verifying Home Page title
2026-01-13 17:20:56 INFO  BaseTest:35 - Home Page title verified successfully
2026-01-13 17:20:56 INFO  BaseTest:37 - Verifying Home Page URL
2026-01-13 17:20:56 INFO  BaseTest:40 - Home Page URL verified successfully
2026-01-13 17:20:59 INFO  BaseTest:46 - Entered username and password, clicked on login button
2026-01-13 17:20:59 INFO  BaseTest:53 - Accounts Overview URL verified
2026-01-13 17:20:59 INFO  BaseTest:58 - Accounts Overview page title verified
2026-01-13 17:20:59 INFO  BaseTest:62 - Accounts Overview page displayed successfully
2026-01-13 17:20:59 INFO  BaseTest:64 - Navigated to Account Overview page successfully
2026-01-13 17:21:01 INFO  BaseTest:68 - Clicked on logout button
2026-01-13 17:21:01 INFO  BaseTest:70 - Verifying Home Page after logout
2026-01-13 17:21:01 INFO  BaseTest:73 - Redirected to Home Page successfully after logout
2026-01-13 17:21:01 INFO  BaseTest:76 - --------------Test completed successfully: testRegisterAccountSuccessful ------------------------
2026-01-13 17:21:07 INFO  BaseTest:22 - ------------------- Starting test: testTransferfunds --------------------------
2026-01-13 17:21:07 INFO  BaseTest:32 - Checking if Home Page is displayed
2026-01-13 17:21:07 INFO  BaseTest:34 - Home Page displayed successfully
2026-01-13 17:21:07 INFO  BaseTest:37 - Verifying Home Page title
2026-01-13 17:21:07 INFO  BaseTest:39 - Home Page title verified successfully
2026-01-13 17:21:07 INFO  BaseTest:42 - Verifying Home Page URL
2026-01-13 17:21:07 INFO  BaseTest:44 - Home Page URL verified successfully
2026-01-13 17:21:10 INFO  BaseTest:50 - Clicked on login button
2026-01-13 17:21:10 INFO  BaseTest:59 - Accounts Overview URL verified
2026-01-13 17:21:10 INFO  BaseTest:62 - Accounts Overview page title verified
2026-01-13 17:21:10 INFO  BaseTest:65 - Navigated to Account Overview page successfully
2026-01-13 17:21:12 INFO  BaseTest:69 - Navigated to Open Account page
2026-01-13 17:21:12 INFO  BaseTest:74 - Selected account type: SAVINGS
2026-01-13 17:21:13 INFO  BaseTest:88 - Clicked on 'Open New Account' button
2026-01-13 17:21:13 INFO  BaseTest:92 - 'Account Opened!' message verified
2026-01-13 17:21:14 INFO  BaseTest:95 - 'Congratulations, your account is now open' message verified
2026-01-13 17:21:14 INFO  BaseTest:98 - New Account Number displayed: 25443
2026-01-13 17:21:14 INFO  BaseTest:102 - Navigated back to Account Overview page
2026-01-13 17:21:16 INFO  BaseTest:112 - Navigated to Transfer Funds page
2026-01-13 17:21:16 INFO  BaseTest:117 - Transfer page URL verified
2026-01-13 17:21:16 INFO  BaseTest:120 - Transfer page title verified
2026-01-13 17:21:16 INFO  BaseTest:124 - Entered transfer amount: 200
2026-01-13 17:21:16 INFO  BaseTest:127 - Selected From Account: 22446
2026-01-13 17:21:17 INFO  BaseTest:130 - Selected To Account: 22668
2026-01-13 17:21:17 INFO  BaseTest:133 - Clicked on 'Transfer' button
2026-01-13 17:21:18 INFO  BaseTest:141 - Transfer Complete page displayed successfully
2026-01-13 17:21:18 INFO  BaseTest:144 - Fund Transfer verified successfully between accounts: From [22446] to [22668]
2026-01-13 17:21:18 INFO  BaseTest:146 - -------------Test completed: testTransferfunds ----------
2026-01-13 17:21:25 INFO  BaseTest:21 - ------------------------- Starting test: testVerifyLoanRequest -------------------------------
2026-01-13 17:21:25 INFO  BaseTest:26 - Checking if Home Page is displayed
2026-01-13 17:21:25 INFO  BaseTest:28 - Home Page displayed successfully
2026-01-13 17:21:25 INFO  BaseTest:30 - Verifying Home Page title
2026-01-13 17:21:25 INFO  BaseTest:32 - Home Page title verified successfully
2026-01-13 17:21:25 INFO  BaseTest:34 - Verifying Home Page URL
2026-01-13 17:21:25 INFO  BaseTest:36 - Home Page URL verified successfully
2026-01-13 17:21:29 INFO  BaseTest:42 - Clicked on login button
2026-01-13 17:21:29 INFO  BaseTest:50 - Accounts Overview URL verified
2026-01-13 17:21:29 INFO  BaseTest:52 - Accounts Overview page title verified
2026-01-13 17:21:29 INFO  BaseTest:54 - Navigated to Account overview page
2026-01-13 17:21:30 INFO  BaseTest:57 - Clicked on Loan Request link
2026-01-13 17:21:30 INFO  BaseTest:65 - Loan Request URL verified
2026-01-13 17:21:30 INFO  BaseTest:67 - Loan Request page title verified
2026-01-13 17:21:30 INFO  BaseTest:70 - Loan Request page displayed successfully
2026-01-13 17:21:31 INFO  BaseTest:74 - Entered loan amount
2026-01-13 17:21:31 INFO  BaseTest:76 - Entered down payment
2026-01-13 17:21:31 INFO  BaseTest:78 - Selected account for loan
2026-01-13 17:21:32 INFO  BaseTest:80 - Clicked on Apply Now button
2026-01-13 17:21:33 INFO  BaseTest:87 - 'Loan Request Processed' heading displayed.
2026-01-13 17:21:33 INFO  BaseTest:89 - Loan success message displayed successfully.
2026-01-13 17:21:33 INFO  BaseTest:91 - -------------Test completed: testVerifyLoanRequest ----------
2026-01-13 17:21:39 INFO  BaseTest:20 - -------------- Starting test: testUpdateProfile ------------------------
2026-01-13 17:21:39 INFO  BaseTest:29 - Checking if Home Page is displayed
2026-01-13 17:21:39 INFO  BaseTest:31 - Home Page displayed successfully
2026-01-13 17:21:39 INFO  BaseTest:33 - Verifying Home Page title
2026-01-13 17:21:39 INFO  BaseTest:35 - Home Page title verified successfully
2026-01-13 17:21:39 INFO  BaseTest:37 - Verifying Home Page URL
2026-01-13 17:21:39 INFO  BaseTest:39 - Home Page URL verified successfully
2026-01-13 17:21:43 INFO  BaseTest:45 - Clicked on login button
2026-01-13 17:21:43 INFO  BaseTest:57 - Accounts Overview URL verified
2026-01-13 17:21:43 INFO  BaseTest:60 - Accounts Overview page title verified
2026-01-13 17:21:43 INFO  BaseTest:63 - Navigated to Account overview page
2026-01-13 17:21:44 INFO  BaseTest:69 - Navigated to Update Profile page
2026-01-13 17:21:45 INFO  BaseTest:74 - Updated phone number 
2026-01-13 17:21:45 INFO  BaseTest:77 - Phone number entered: 8765432876
2026-01-13 17:21:46 INFO  BaseTest:85 - Profile updated message verified
2026-01-13 17:21:48 INFO  BaseTest:90 - Clicked on logout button and redirected to Home Page
2026-01-13 17:21:50 INFO  BaseTest:98 - Logged in again to verify updated profile
2026-01-13 17:21:50 INFO  BaseTest:101 - Navigated to Account overview page after re-login
2026-01-13 17:21:52 INFO  BaseTest:107 - Navigated to Update Profile page again
2026-01-13 17:21:52 INFO  BaseTest:116 - Phone number after re-login: 8765432876
2026-01-13 17:21:52 INFO  BaseTest:119 - Phone number verification successful
2026-01-13 17:21:52 INFO  BaseTest:120 - -------------Test completed: testUpdateProfile ----------
2026-01-13 17:56:22 DEBUG PackageRelationshipCollection:307 - Parsing relationship: /xl/_rels/workbook.xml.rels
2026-01-13 17:56:22 DEBUG PackageRelationshipCollection:307 - Parsing relationship: /xl/worksheets/_rels/sheet1.xml.rels
2026-01-13 17:56:22 DEBUG PackageRelationshipCollection:307 - Parsing relationship: /_rels/.rels
2026-01-13 17:56:29 INFO  BaseTest:20 - ------------------------ Starting test: testRegisterAccountSuccessful ---------------------
2026-01-13 17:56:29 INFO  BaseTest:27 - Checking if Home Page is displayed
2026-01-13 17:56:29 INFO  BaseTest:29 - Home Page displayed successfully
2026-01-13 17:56:29 INFO  BaseTest:31 - Verifying Home Page title
2026-01-13 17:56:29 INFO  BaseTest:35 - Home Page title verified successfully
2026-01-13 17:56:29 INFO  BaseTest:37 - Verifying Home Page URL
2026-01-13 17:56:29 INFO  BaseTest:40 - Home Page URL verified successfully
2026-01-13 17:56:31 INFO  BaseTest:46 - Entered username and password, clicked on login button
2026-01-13 17:56:31 INFO  BaseTest:53 - Accounts Overview URL verified
2026-01-13 17:56:31 INFO  BaseTest:58 - Accounts Overview page title verified
2026-01-13 17:56:31 INFO  BaseTest:62 - Accounts Overview page displayed successfully
2026-01-13 17:56:31 INFO  BaseTest:64 - Navigated to Account Overview page successfully
2026-01-13 17:56:33 INFO  BaseTest:68 - Clicked on logout button
2026-01-13 17:56:33 INFO  BaseTest:70 - Verifying Home Page after logout
2026-01-13 17:56:33 INFO  BaseTest:73 - Redirected to Home Page successfully after logout
2026-01-13 17:56:33 INFO  BaseTest:76 - --------------Test completed successfully: testRegisterAccountSuccessful ------------------------
2026-01-13 17:56:39 INFO  BaseTest:20 - ------------------------ Starting test: testRegisterAccountSuccessful ---------------------
2026-01-13 17:56:39 INFO  BaseTest:27 - Checking if Home Page is displayed
2026-01-13 17:56:39 INFO  BaseTest:29 - Home Page displayed successfully
2026-01-13 17:56:39 INFO  BaseTest:31 - Verifying Home Page title
2026-01-13 17:56:39 INFO  BaseTest:35 - Home Page title verified successfully
2026-01-13 17:56:39 INFO  BaseTest:37 - Verifying Home Page URL
2026-01-13 17:56:39 INFO  BaseTest:40 - Home Page URL verified successfully
2026-01-13 17:56:41 INFO  BaseTest:46 - Entered username and password, clicked on login button
2026-01-13 17:56:41 INFO  BaseTest:53 - Accounts Overview URL verified
2026-01-13 17:56:41 INFO  BaseTest:58 - Accounts Overview page title verified
2026-01-13 17:56:41 INFO  BaseTest:62 - Accounts Overview page displayed successfully
2026-01-13 17:56:41 INFO  BaseTest:64 - Navigated to Account Overview page successfully
2026-01-13 17:56:43 INFO  BaseTest:68 - Clicked on logout button
2026-01-13 17:56:43 INFO  BaseTest:70 - Verifying Home Page after logout
2026-01-13 17:56:43 INFO  BaseTest:73 - Redirected to Home Page successfully after logout
2026-01-13 17:56:43 INFO  BaseTest:76 - --------------Test completed successfully: testRegisterAccountSuccessful ------------------------
2026-01-13 17:56:49 INFO  BaseTest:21 - ------------------------- Starting test: testVerifyLoanRequest -------------------------------
2026-01-13 17:56:49 INFO  BaseTest:26 - Checking if Home Page is displayed
2026-01-13 17:56:49 INFO  BaseTest:28 - Home Page displayed successfully
2026-01-13 17:56:49 INFO  BaseTest:30 - Verifying Home Page title
2026-01-13 17:56:49 INFO  BaseTest:32 - Home Page title verified successfully
2026-01-13 17:56:49 INFO  BaseTest:34 - Verifying Home Page URL
2026-01-13 17:56:49 INFO  BaseTest:36 - Home Page URL verified successfully
2026-01-13 17:56:51 INFO  BaseTest:42 - Clicked on login button
2026-01-13 17:56:51 INFO  BaseTest:50 - Accounts Overview URL verified
2026-01-13 17:56:51 INFO  BaseTest:52 - Accounts Overview page title verified
2026-01-13 17:56:51 INFO  BaseTest:54 - Navigated to Account overview page
2026-01-13 17:56:51 INFO  BaseTest:57 - Clicked on Loan Request link
2026-01-13 17:56:51 INFO  BaseTest:65 - Loan Request URL verified
2026-01-13 17:56:51 INFO  BaseTest:67 - Loan Request page title verified
2026-01-13 17:56:51 INFO  BaseTest:70 - Loan Request page displayed successfully
2026-01-13 17:56:52 INFO  BaseTest:74 - Entered loan amount
2026-01-13 17:56:52 INFO  BaseTest:76 - Entered down payment
2026-01-13 17:56:52 INFO  BaseTest:78 - Selected account for loan
2026-01-13 17:56:52 INFO  BaseTest:80 - Clicked on Apply Now button
2026-01-13 17:56:53 INFO  BaseTest:87 - 'Loan Request Processed' heading displayed.
2026-01-13 17:56:53 INFO  BaseTest:89 - Loan success message displayed successfully.
2026-01-13 17:56:53 INFO  BaseTest:91 - -------------Test completed: testVerifyLoanRequest ----------
2026-01-13 17:56:59 INFO  BaseTest:20 - -------------- Starting test: testUpdateProfile ------------------------
2026-01-13 17:56:59 INFO  BaseTest:29 - Checking if Home Page is displayed
2026-01-13 17:56:59 INFO  BaseTest:31 - Home Page displayed successfully
2026-01-13 17:56:59 INFO  BaseTest:33 - Verifying Home Page title
2026-01-13 17:56:59 INFO  BaseTest:35 - Home Page title verified successfully
2026-01-13 17:56:59 INFO  BaseTest:37 - Verifying Home Page URL
2026-01-13 17:56:59 INFO  BaseTest:39 - Home Page URL verified successfully
2026-01-13 17:57:02 INFO  BaseTest:45 - Clicked on login button
2026-01-13 17:57:02 INFO  BaseTest:57 - Accounts Overview URL verified
2026-01-13 17:57:02 INFO  BaseTest:60 - Accounts Overview page title verified
2026-01-13 17:57:02 INFO  BaseTest:63 - Navigated to Account overview page
2026-01-13 17:57:03 INFO  BaseTest:69 - Navigated to Update Profile page
2026-01-13 17:57:03 INFO  BaseTest:74 - Updated phone number 
2026-01-13 17:57:04 INFO  BaseTest:77 - Phone number entered: 8765432876
2026-01-13 17:57:05 INFO  BaseTest:85 - Profile updated message verified
2026-01-13 17:57:08 INFO  BaseTest:90 - Clicked on logout button and redirected to Home Page
2026-01-13 17:57:14 INFO  BaseTest:98 - Logged in again to verify updated profile
2026-01-13 17:57:14 INFO  BaseTest:101 - Navigated to Account overview page after re-login
2026-01-13 17:57:15 INFO  BaseTest:107 - Navigated to Update Profile page again
2026-01-13 17:57:15 INFO  BaseTest:116 - Phone number after re-login: 8765432876
2026-01-13 17:57:15 INFO  BaseTest:119 - Phone number verification successful
2026-01-13 17:57:15 INFO  BaseTest:120 - -------------Test completed: testUpdateProfile ----------
2026-01-13 17:57:15 DEBUG PackageRelationshipCollection:307 - Parsing relationship: /xl/_rels/workbook.xml.rels
2026-01-13 17:57:15 DEBUG PackageRelationshipCollection:307 - Parsing relationship: /xl/worksheets/_rels/sheet1.xml.rels
2026-01-13 17:57:15 DEBUG PackageRelationshipCollection:307 - Parsing relationship: /_rels/.rels
2026-01-13 17:57:19 INFO  BaseTest:19 - Starting test: testRegisterAccountSuccessful
2026-01-13 17:57:19 INFO  BaseTest:26 - Checking if Home Page is displayed
2026-01-13 17:57:19 INFO  BaseTest:28 - Home Page displayed successfully
2026-01-13 17:57:19 INFO  BaseTest:30 - Verifying Home Page title
2026-01-13 17:57:19 INFO  BaseTest:34 - Home Page title verified successfully
2026-01-13 17:57:19 INFO  BaseTest:36 - Verifying Home Page URL
2026-01-13 17:57:19 INFO  BaseTest:38 - Home Page URL verified successfully
2026-01-13 17:57:20 INFO  BaseTest:42 - Clicked on Register link
2026-01-13 17:57:20 INFO  BaseTest:48 - Registration page URL verified
2026-01-13 17:57:20 INFO  BaseTest:53 - Registration page title verified
2026-01-13 17:57:20 INFO  BaseTest:55 - Navigated to Registration page successfully
2026-01-13 17:57:21 INFO  BaseTest:67 - Filled personal details
2026-01-13 17:57:21 INFO  BaseTest:74 - Filled account credentials
2026-01-13 17:57:23 INFO  BaseTest:78 - Clicked on Register button
2026-01-13 17:57:23 INFO  BaseTest:83 - Account created successfully for user: TestUser7
2026-01-13 17:57:44 INFO  BaseTest:87 - Clicked on logout button and logged out successfully
2026-01-13 17:57:44 INFO  BaseTest:89 - Test completed successfully: testRegisterAccountSuccessful
2026-01-13 17:57:49 INFO  BaseTest:19 - Starting test: testRegisterAccountSuccessful
2026-01-13 17:57:49 INFO  BaseTest:26 - Checking if Home Page is displayed
2026-01-13 17:57:49 INFO  BaseTest:28 - Home Page displayed successfully
2026-01-13 17:57:49 INFO  BaseTest:30 - Verifying Home Page title
2026-01-13 17:57:49 INFO  BaseTest:34 - Home Page title verified successfully
2026-01-13 17:57:49 INFO  BaseTest:36 - Verifying Home Page URL
2026-01-13 17:57:49 INFO  BaseTest:38 - Home Page URL verified successfully
2026-01-13 17:57:50 INFO  BaseTest:42 - Clicked on Register link
2026-01-13 17:57:50 INFO  BaseTest:48 - Registration page URL verified
2026-01-13 17:57:50 INFO  BaseTest:53 - Registration page title verified
2026-01-13 17:57:50 INFO  BaseTest:55 - Navigated to Registration page successfully
2026-01-13 17:57:51 INFO  BaseTest:67 - Filled personal details
2026-01-13 17:57:51 INFO  BaseTest:74 - Filled account credentials
2026-01-13 17:57:52 INFO  BaseTest:78 - Clicked on Register button
2026-01-13 17:57:52 INFO  BaseTest:83 - Account created successfully for user: SampleTestUser7
2026-01-13 17:58:12 INFO  BaseTest:87 - Clicked on logout button and logged out successfully
2026-01-13 17:58:12 INFO  BaseTest:89 - Test completed successfully: testRegisterAccountSuccessful
2026-01-13 17:58:17 INFO  BaseTest:22 - ------------------- Starting test: testTransferfunds --------------------------
2026-01-13 17:58:17 INFO  BaseTest:32 - Checking if Home Page is displayed
2026-01-13 17:58:17 INFO  BaseTest:34 - Home Page displayed successfully
2026-01-13 17:58:17 INFO  BaseTest:37 - Verifying Home Page title
2026-01-13 17:58:17 INFO  BaseTest:39 - Home Page title verified successfully
2026-01-13 17:58:17 INFO  BaseTest:42 - Verifying Home Page URL
2026-01-13 17:58:17 INFO  BaseTest:44 - Home Page URL verified successfully
2026-01-13 17:58:18 INFO  BaseTest:50 - Clicked on login button
2026-01-13 17:58:19 INFO  BaseTest:59 - Accounts Overview URL verified
2026-01-13 17:58:19 INFO  BaseTest:62 - Accounts Overview page title verified
2026-01-13 17:58:19 INFO  BaseTest:65 - Navigated to Account Overview page successfully
2026-01-13 17:58:20 INFO  BaseTest:69 - Navigated to Open Account page
2026-01-13 17:58:20 INFO  BaseTest:74 - Selected account type: SAVINGS
2026-01-13 17:58:22 INFO  BaseTest:88 - Clicked on 'Open New Account' button
2026-01-13 17:58:22 INFO  BaseTest:92 - 'Account Opened!' message verified
2026-01-13 17:58:22 INFO  BaseTest:95 - 'Congratulations, your account is now open' message verified
2026-01-13 17:58:22 INFO  BaseTest:98 - New Account Number displayed: 28107
2026-01-13 17:58:23 INFO  BaseTest:102 - Navigated back to Account Overview page
2026-01-13 17:58:24 INFO  BaseTest:112 - Navigated to Transfer Funds page
2026-01-13 17:58:24 INFO  BaseTest:117 - Transfer page URL verified
2026-01-13 17:58:24 INFO  BaseTest:120 - Transfer page title verified
2026-01-13 17:58:24 INFO  BaseTest:124 - Entered transfer amount: 200
2026-01-13 17:58:24 INFO  BaseTest:127 - Selected From Account: 22446
2026-01-13 17:58:25 INFO  BaseTest:130 - Selected To Account: 22668
2026-01-13 17:58:25 INFO  BaseTest:133 - Clicked on 'Transfer' button
2026-01-13 17:58:25 INFO  BaseTest:141 - Transfer Complete page displayed successfully
2026-01-13 17:58:25 INFO  BaseTest:144 - Fund Transfer verified successfully between accounts: From [22446] to [22668]
2026-01-13 17:58:25 INFO  BaseTest:146 - -------------Test completed: testTransferfunds ----------
